<?xml version="1.0" encoding="UTF-8"?>
<!-- Generated by org.testng.reporters.JUnitReportReporter -->
<testsuite hostname="DESKTOP-FL04P1D" failures="0" tests="1" name="com.testcases.Login" time="2.460" errors="0" timestamp="31 Mar 2023 16:09:48 GMT">
  <testcase classname="com.testcases.Login" name="loginApp" time="2.460"/>
</testsuite> <!-- com.testcases.Login -->
